Determining if the function crc32c_value exists in the crc32c failed with the following output:
Change Dir: /Users/alvinerding/code/cpp/leveldb/cmake-build-debug/CMakeFiles/CMakeTmp

Run Build Command(s):/usr/bin/make cmTC_d38ee/fast && /Applications/Xcode.app/Contents/Developer/usr/bin/make -f CMakeFiles/cmTC_d38ee.dir/build.make CMakeFiles/cmTC_d38ee.dir/build
Building C object CMakeFiles/cmTC_d38ee.dir/CheckFunctionExists.c.o
/Applications/Xcode.app/Contents/Developer/Toolchains/XcodeDefault.xctoolchain/usr/bin/cc   -DCHECK_FUNCTION_EXISTS=crc32c_value -isysroot /Applications/Xcode.app/Contents/Developer/Platforms/MacOSX.platform/Developer/SDKs/MacOSX10.15.sdk   -std=c11 -o CMakeFiles/cmTC_d38ee.dir/CheckFunctionExists.c.o   -c /Applications/CLion.app/Contents/bin/cmake/mac/share/cmake-3.16/Modules/CheckFunctionExists.c
Linking C executable cmTC_d38ee
/Applications/CLion.app/Contents/bin/cmake/mac/bin/cmake -E cmake_link_script CMakeFiles/cmTC_d38ee.dir/link.txt --verbose=1
/Applications/Xcode.app/Contents/Developer/Toolchains/XcodeDefault.xctoolchain/usr/bin/cc  -DCHECK_FUNCTION_EXISTS=crc32c_value -isysroot /Applications/Xcode.app/Contents/Developer/Platforms/MacOSX.platform/Developer/SDKs/MacOSX10.15.sdk -Wl,-search_paths_first -Wl,-headerpad_max_install_names   CMakeFiles/cmTC_d38ee.dir/CheckFunctionExists.c.o  -o cmTC_d38ee  -lcrc32c 
ld: library not found for -lcrc32c
clang: error: linker command failed with exit code 1 (use -v to see invocation)
make[1]: *** [cmTC_d38ee] Error 1
make: *** [cmTC_d38ee/fast] Error 2



Determining if the function snappy_compress exists in the snappy failed with the following output:
Change Dir: /Users/alvinerding/code/cpp/leveldb/cmake-build-debug/CMakeFiles/CMakeTmp

Run Build Command(s):/usr/bin/make cmTC_34d33/fast && /Applications/Xcode.app/Contents/Developer/usr/bin/make -f CMakeFiles/cmTC_34d33.dir/build.make CMakeFiles/cmTC_34d33.dir/build
Building C object CMakeFiles/cmTC_34d33.dir/CheckFunctionExists.c.o
/Applications/Xcode.app/Contents/Developer/Toolchains/XcodeDefault.xctoolchain/usr/bin/cc   -DCHECK_FUNCTION_EXISTS=snappy_compress -isysroot /Applications/Xcode.app/Contents/Developer/Platforms/MacOSX.platform/Developer/SDKs/MacOSX10.15.sdk   -std=c11 -o CMakeFiles/cmTC_34d33.dir/CheckFunctionExists.c.o   -c /Applications/CLion.app/Contents/bin/cmake/mac/share/cmake-3.16/Modules/CheckFunctionExists.c
Linking C executable cmTC_34d33
/Applications/CLion.app/Contents/bin/cmake/mac/bin/cmake -E cmake_link_script CMakeFiles/cmTC_34d33.dir/link.txt --verbose=1
/Applications/Xcode.app/Contents/Developer/Toolchains/XcodeDefault.xctoolchain/usr/bin/cc  -DCHECK_FUNCTION_EXISTS=snappy_compress -isysroot /Applications/Xcode.app/Contents/Developer/Platforms/MacOSX.platform/Developer/SDKs/MacOSX10.15.sdk -Wl,-search_paths_first -Wl,-headerpad_max_install_names   CMakeFiles/cmTC_34d33.dir/CheckFunctionExists.c.o  -o cmTC_34d33  -lsnappy 
ld: library not found for -lsnappy
clang: error: linker command failed with exit code 1 (use -v to see invocation)
make[1]: *** [cmTC_34d33] Error 1
make: *** [cmTC_34d33/fast] Error 2



Determining if the function malloc exists in the tcmalloc failed with the following output:
Change Dir: /Users/alvinerding/code/cpp/leveldb/cmake-build-debug/CMakeFiles/CMakeTmp

Run Build Command(s):/usr/bin/make cmTC_f3425/fast && /Applications/Xcode.app/Contents/Developer/usr/bin/make -f CMakeFiles/cmTC_f3425.dir/build.make CMakeFiles/cmTC_f3425.dir/build
Building C object CMakeFiles/cmTC_f3425.dir/CheckFunctionExists.c.o
/Applications/Xcode.app/Contents/Developer/Toolchains/XcodeDefault.xctoolchain/usr/bin/cc   -DCHECK_FUNCTION_EXISTS=malloc -isysroot /Applications/Xcode.app/Contents/Developer/Platforms/MacOSX.platform/Developer/SDKs/MacOSX10.15.sdk   -std=c11 -o CMakeFiles/cmTC_f3425.dir/CheckFunctionExists.c.o   -c /Applications/CLion.app/Contents/bin/cmake/mac/share/cmake-3.16/Modules/CheckFunctionExists.c
/Applications/CLion.app/Contents/bin/cmake/mac/share/cmake-3.16/Modules/CheckFunctionExists.c:7:3: warning: incompatible redeclaration of library function 'malloc' [-Wincompatible-library-redeclaration]
  CHECK_FUNCTION_EXISTS(void);
  ^
<command line>:1:31: note: expanded from here
#define CHECK_FUNCTION_EXISTS malloc
                              ^
/Applications/CLion.app/Contents/bin/cmake/mac/share/cmake-3.16/Modules/CheckFunctionExists.c:7:3: note: 'malloc' is a builtin with type 'void *(unsigned long)'
<command line>:1:31: note: expanded from here
#define CHECK_FUNCTION_EXISTS malloc
                              ^
1 warning generated.
Linking C executable cmTC_f3425
/Applications/CLion.app/Contents/bin/cmake/mac/bin/cmake -E cmake_link_script CMakeFiles/cmTC_f3425.dir/link.txt --verbose=1
/Applications/Xcode.app/Contents/Developer/Toolchains/XcodeDefault.xctoolchain/usr/bin/cc  -DCHECK_FUNCTION_EXISTS=malloc -isysroot /Applications/Xcode.app/Contents/Developer/Platforms/MacOSX.platform/Developer/SDKs/MacOSX10.15.sdk -Wl,-search_paths_first -Wl,-headerpad_max_install_names   CMakeFiles/cmTC_f3425.dir/CheckFunctionExists.c.o  -o cmTC_f3425  -ltcmalloc 
ld: library not found for -ltcmalloc
clang: error: linker command failed with exit code 1 (use -v to see invocation)
make[1]: *** [cmTC_f3425] Error 1
make: *** [cmTC_f3425/fast] Error 2



Determining if the fdatasync exist failed with the following output:
Change Dir: /Users/alvinerding/code/cpp/leveldb/cmake-build-debug/CMakeFiles/CMakeTmp

Run Build Command(s):/usr/bin/make cmTC_ca1e4/fast && /Applications/Xcode.app/Contents/Developer/usr/bin/make -f CMakeFiles/cmTC_ca1e4.dir/build.make CMakeFiles/cmTC_ca1e4.dir/build
Building CXX object CMakeFiles/cmTC_ca1e4.dir/CheckSymbolExists.cxx.o
/Applications/Xcode.app/Contents/Developer/Toolchains/XcodeDefault.xctoolchain/usr/bin/c++    -isysroot /Applications/Xcode.app/Contents/Developer/Platforms/MacOSX.platform/Developer/SDKs/MacOSX10.15.sdk   -std=c++11 -o CMakeFiles/cmTC_ca1e4.dir/CheckSymbolExists.cxx.o -c /Users/alvinerding/code/cpp/leveldb/cmake-build-debug/CMakeFiles/CMakeTmp/CheckSymbolExists.cxx
/Users/alvinerding/code/cpp/leveldb/cmake-build-debug/CMakeFiles/CMakeTmp/CheckSymbolExists.cxx:8:19: error: use of undeclared identifier 'fdatasync'
  return ((int*)(&fdatasync))[argc];
                  ^
1 error generated.
make[1]: *** [CMakeFiles/cmTC_ca1e4.dir/CheckSymbolExists.cxx.o] Error 1
make: *** [cmTC_ca1e4/fast] Error 2


File /Users/alvinerding/code/cpp/leveldb/cmake-build-debug/CMakeFiles/CMakeTmp/CheckSymbolExists.cxx:
/* */
#include <unistd.h>

int main(int argc, char** argv)
{
  (void)argv;
#ifndef fdatasync
  return ((int*)(&fdatasync))[argc];
#else
  (void)argc;
  return 0;
#endif
}
Performing C++ SOURCE FILE Test HAVE_KYOTOCABINET failed with the following output:
Change Dir: /Users/alvinerding/code/cpp/leveldb/cmake-build-debug/CMakeFiles/CMakeTmp

Run Build Command(s):/usr/bin/make cmTC_8eae3/fast && /Applications/Xcode.app/Contents/Developer/usr/bin/make -f CMakeFiles/cmTC_8eae3.dir/build.make CMakeFiles/cmTC_8eae3.dir/build
Building CXX object CMakeFiles/cmTC_8eae3.dir/src.cxx.o
/Applications/Xcode.app/Contents/Developer/Toolchains/XcodeDefault.xctoolchain/usr/bin/c++    -fno-exceptions -fno-rtti -DHAVE_KYOTOCABINET -isysroot /Applications/Xcode.app/Contents/Developer/Platforms/MacOSX.platform/Developer/SDKs/MacOSX10.15.sdk   -std=c++11 -o CMakeFiles/cmTC_8eae3.dir/src.cxx.o -c /Users/alvinerding/code/cpp/leveldb/cmake-build-debug/CMakeFiles/CMakeTmp/src.cxx
/Users/alvinerding/code/cpp/leveldb/cmake-build-debug/CMakeFiles/CMakeTmp/src.cxx:2:10: fatal error: 'kcpolydb.h' file not found
#include <kcpolydb.h>
         ^~~~~~~~~~~~
1 error generated.
make[1]: *** [CMakeFiles/cmTC_8eae3.dir/src.cxx.o] Error 1
make: *** [cmTC_8eae3/fast] Error 2


Source file was:

#include <kcpolydb.h>

int main() {
  kyotocabinet::TreeDB* db = new kyotocabinet::TreeDB();
  delete db;
  return 0;
}
  
